find_executable: checking for pg_config... -------------------- yes

--------------------

find_header: checking for libpq-fe.h... -------------------- yes

"gcc -o conftest -I/usr/local/rvm/rubies/ruby-1.9.2-p0/include/ruby-1.9.1/x86_64-linux -I/usr/local/rvm/rubies/ruby-1.9.2-p0/include/ruby-1.9.1/ruby/backward -I/usr/local/rvm/rubies/ruby-1.9.2-p0/include/ruby-1.9.1 -I.    -I/usr/include  -O3 -ggdb -Wextra -Wno-unused-parameter -Wno-parentheses -Wpointer-arith -Wwrite-strings -Wno-missing-field-initializers -Wno-long-long  -fPIC -O2 -g -pipe -Wall -Wp,-D_FORTIFY_SOURCE=2 -fexceptions -fstack-protector --param=ssp-buffer-size=4 -m64 -mtune=generic -Wall -Wmissing-prototypes -Wpointer-arith -Wdeclaration-after-statement -Wendif-labels -fno-strict-aliasing -fwrapv conftest.c  -L. -L/usr/local/rvm/rubies/ruby-1.9.2-p0/lib -Wl,-R/usr/local/rvm/rubies/ruby-1.9.2-p0/lib -L.  -rdynamic -Wl,-export-dynamic -L/usr/lib64     -Wl,-R -Wl,/usr/local/rvm/rubies/ruby-1.9.2-p0/lib -L/usr/local/rvm/rubies/ruby-1.9.2-p0/lib -lruby-static  -lpthread -lrt -ldl -lcrypt -lm   -lc"
checked program was:
/* begin */
1: #include "ruby.h"
2: 
3: int main() {return 0;}
/* end */

"gcc -E -I/usr/local/rvm/rubies/ruby-1.9.2-p0/include/ruby-1.9.1/x86_64-linux -I/usr/local/rvm/rubies/ruby-1.9.2-p0/include/ruby-1.9.1/ruby/backward -I/usr/local/rvm/rubies/ruby-1.9.2-p0/include/ruby-1.9.1 -I.    -I/usr/include  -O3 -ggdb -Wextra -Wno-unused-parameter -Wno-parentheses -Wpointer-arith -Wwrite-strings -Wno-missing-field-initializers -Wno-long-long  -fPIC -O2 -g -pipe -Wall -Wp,-D_FORTIFY_SOURCE=2 -fexceptions -fstack-protector --param=ssp-buffer-size=4 -m64 -mtune=generic -Wall -Wmissing-prototypes -Wpointer-arith -Wdeclaration-after-statement -Wendif-labels -fno-strict-aliasing -fwrapv  conftest.c -o conftest.i"
checked program was:
/* begin */
1: #include "ruby.h"
2: 
3: #include <libpq-fe.h>
/* end */

--------------------

find_header: checking for libpq/libpq-fs.h... -------------------- yes

"gcc -E -I/usr/local/rvm/rubies/ruby-1.9.2-p0/include/ruby-1.9.1/x86_64-linux -I/usr/local/rvm/rubies/ruby-1.9.2-p0/include/ruby-1.9.1/ruby/backward -I/usr/local/rvm/rubies/ruby-1.9.2-p0/include/ruby-1.9.1 -I.    -I/usr/include  -O3 -ggdb -Wextra -Wno-unused-parameter -Wno-parentheses -Wpointer-arith -Wwrite-strings -Wno-missing-field-initializers -Wno-long-long  -fPIC -O2 -g -pipe -Wall -Wp,-D_FORTIFY_SOURCE=2 -fexceptions -fstack-protector --param=ssp-buffer-size=4 -m64 -mtune=generic -Wall -Wmissing-prototypes -Wpointer-arith -Wdeclaration-after-statement -Wendif-labels -fno-strict-aliasing -fwrapv  conftest.c -o conftest.i"
checked program was:
/* begin */
1: #include "ruby.h"
2: 
3: #include <libpq/libpq-fs.h>
/* end */

--------------------

have_library: checking for PQconnectdb() in -lpq... -------------------- yes

"gcc -o conftest -I/usr/local/rvm/rubies/ruby-1.9.2-p0/include/ruby-1.9.1/x86_64-linux -I/usr/local/rvm/rubies/ruby-1.9.2-p0/include/ruby-1.9.1/ruby/backward -I/usr/local/rvm/rubies/ruby-1.9.2-p0/include/ruby-1.9.1 -I.    -I/usr/include  -O3 -ggdb -Wextra -Wno-unused-parameter -Wno-parentheses -Wpointer-arith -Wwrite-strings -Wno-missing-field-initializers -Wno-long-long  -fPIC -O2 -g -pipe -Wall -Wp,-D_FORTIFY_SOURCE=2 -fexceptions -fstack-protector --param=ssp-buffer-size=4 -m64 -mtune=generic -Wall -Wmissing-prototypes -Wpointer-arith -Wdeclaration-after-statement -Wendif-labels -fno-strict-aliasing -fwrapv conftest.c  -L. -L/usr/local/rvm/rubies/ruby-1.9.2-p0/lib -Wl,-R/usr/local/rvm/rubies/ruby-1.9.2-p0/lib -L.  -rdynamic -Wl,-export-dynamic -L/usr/lib64     -Wl,-R -Wl,/usr/local/rvm/rubies/ruby-1.9.2-p0/lib -L/usr/local/rvm/rubies/ruby-1.9.2-p0/lib -lruby-static -lpq  -lpthread -lrt -ldl -lcrypt -lm   -lc"
conftest.c:7: warning: no previous prototype for ‘t’
checked program was:
/* begin */
1: #include "ruby.h"
2: 
3: #include <libpq-fe.h>
4: 
5: /*top*/
6: int main() {return 0;}
7: int t() { void ((*volatile p)()); p = (void ((*)()))PQconnectdb; return 0; }
/* end */

--------------------

have_func: checking for PQconnectionUsedPassword()... -------------------- yes

"gcc -o conftest -I/usr/local/rvm/rubies/ruby-1.9.2-p0/include/ruby-1.9.1/x86_64-linux -I/usr/local/rvm/rubies/ruby-1.9.2-p0/include/ruby-1.9.1/ruby/backward -I/usr/local/rvm/rubies/ruby-1.9.2-p0/include/ruby-1.9.1 -I.    -I/usr/include  -O3 -ggdb -Wextra -Wno-unused-parameter -Wno-parentheses -Wpointer-arith -Wwrite-strings -Wno-missing-field-initializers -Wno-long-long  -fPIC -O2 -g -pipe -Wall -Wp,-D_FORTIFY_SOURCE=2 -fexceptions -fstack-protector --param=ssp-buffer-size=4 -m64 -mtune=generic -Wall -Wmissing-prototypes -Wpointer-arith -Wdeclaration-after-statement -Wendif-labels -fno-strict-aliasing -fwrapv conftest.c  -L. -L/usr/local/rvm/rubies/ruby-1.9.2-p0/lib -Wl,-R/usr/local/rvm/rubies/ruby-1.9.2-p0/lib -L.  -rdynamic -Wl,-export-dynamic -L/usr/lib64    -lpq  -Wl,-R -Wl,/usr/local/rvm/rubies/ruby-1.9.2-p0/lib -L/usr/local/rvm/rubies/ruby-1.9.2-p0/lib -lruby-static -lpq  -lpthread -lrt -ldl -lcrypt -lm   -lc"
conftest.c:5: warning: no previous prototype for ‘t’
conftest.c: In function ‘t’:
conftest.c:5: error: ‘PQconnectionUsedPassword’ undeclared (first use in this function)
conftest.c:5: error: (Each undeclared identifier is reported only once
conftest.c:5: error: for each function it appears in.)
checked program was:
/* begin */
1: #include "ruby.h"
2: 
3: /*top*/
4: int main() {return 0;}
5: int t() { void ((*volatile p)()); p = (void ((*)()))PQconnectionUsedPassword; return 0; }
/* end */

"gcc -o conftest -I/usr/local/rvm/rubies/ruby-1.9.2-p0/include/ruby-1.9.1/x86_64-linux -I/usr/local/rvm/rubies/ruby-1.9.2-p0/include/ruby-1.9.1/ruby/backward -I/usr/local/rvm/rubies/ruby-1.9.2-p0/include/ruby-1.9.1 -I.    -I/usr/include  -O3 -ggdb -Wextra -Wno-unused-parameter -Wno-parentheses -Wpointer-arith -Wwrite-strings -Wno-missing-field-initializers -Wno-long-long  -fPIC -O2 -g -pipe -Wall -Wp,-D_FORTIFY_SOURCE=2 -fexceptions -fstack-protector --param=ssp-buffer-size=4 -m64 -mtune=generic -Wall -Wmissing-prototypes -Wpointer-arith -Wdeclaration-after-statement -Wendif-labels -fno-strict-aliasing -fwrapv conftest.c  -L. -L/usr/local/rvm/rubies/ruby-1.9.2-p0/lib -Wl,-R/usr/local/rvm/rubies/ruby-1.9.2-p0/lib -L.  -rdynamic -Wl,-export-dynamic -L/usr/lib64    -lpq  -Wl,-R -Wl,/usr/local/rvm/rubies/ruby-1.9.2-p0/lib -L/usr/local/rvm/rubies/ruby-1.9.2-p0/lib -lruby-static -lpq  -lpthread -lrt -ldl -lcrypt -lm   -lc"
conftest.c:5: warning: no previous prototype for ‘t’
conftest.c: In function ‘t’:
conftest.c:5: warning: implicit declaration of function ‘PQconnectionUsedPassword’
checked program was:
/* begin */
1: #include "ruby.h"
2: 
3: /*top*/
4: int main() {return 0;}
5: int t() { PQconnectionUsedPassword(); return 0; }
/* end */

--------------------

have_func: checking for PQisthreadsafe()... -------------------- yes

"gcc -o conftest -I/usr/local/rvm/rubies/ruby-1.9.2-p0/include/ruby-1.9.1/x86_64-linux -I/usr/local/rvm/rubies/ruby-1.9.2-p0/include/ruby-1.9.1/ruby/backward -I/usr/local/rvm/rubies/ruby-1.9.2-p0/include/ruby-1.9.1 -I.    -I/usr/include  -O3 -ggdb -Wextra -Wno-unused-parameter -Wno-parentheses -Wpointer-arith -Wwrite-strings -Wno-missing-field-initializers -Wno-long-long  -fPIC -O2 -g -pipe -Wall -Wp,-D_FORTIFY_SOURCE=2 -fexceptions -fstack-protector --param=ssp-buffer-size=4 -m64 -mtune=generic -Wall -Wmissing-prototypes -Wpointer-arith -Wdeclaration-after-statement -Wendif-labels -fno-strict-aliasing -fwrapv conftest.c  -L. -L/usr/local/rvm/rubies/ruby-1.9.2-p0/lib -Wl,-R/usr/local/rvm/rubies/ruby-1.9.2-p0/lib -L.  -rdynamic -Wl,-export-dynamic -L/usr/lib64    -lpq  -Wl,-R -Wl,/usr/local/rvm/rubies/ruby-1.9.2-p0/lib -L/usr/local/rvm/rubies/ruby-1.9.2-p0/lib -lruby-static -lpq  -lpthread -lrt -ldl -lcrypt -lm   -lc"
conftest.c:5: warning: no previous prototype for ‘t’
conftest.c: In function ‘t’:
conftest.c:5: error: ‘PQisthreadsafe’ undeclared (first use in this function)
conftest.c:5: error: (Each undeclared identifier is reported only once
conftest.c:5: error: for each function it appears in.)
checked program was:
/* begin */
1: #include "ruby.h"
2: 
3: /*top*/
4: int main() {return 0;}
5: int t() { void ((*volatile p)()); p = (void ((*)()))PQisthreadsafe; return 0; }
/* end */

"gcc -o conftest -I/usr/local/rvm/rubies/ruby-1.9.2-p0/include/ruby-1.9.1/x86_64-linux -I/usr/local/rvm/rubies/ruby-1.9.2-p0/include/ruby-1.9.1/ruby/backward -I/usr/local/rvm/rubies/ruby-1.9.2-p0/include/ruby-1.9.1 -I.    -I/usr/include  -O3 -ggdb -Wextra -Wno-unused-parameter -Wno-parentheses -Wpointer-arith -Wwrite-strings -Wno-missing-field-initializers -Wno-long-long  -fPIC -O2 -g -pipe -Wall -Wp,-D_FORTIFY_SOURCE=2 -fexceptions -fstack-protector --param=ssp-buffer-size=4 -m64 -mtune=generic -Wall -Wmissing-prototypes -Wpointer-arith -Wdeclaration-after-statement -Wendif-labels -fno-strict-aliasing -fwrapv conftest.c  -L. -L/usr/local/rvm/rubies/ruby-1.9.2-p0/lib -Wl,-R/usr/local/rvm/rubies/ruby-1.9.2-p0/lib -L.  -rdynamic -Wl,-export-dynamic -L/usr/lib64    -lpq  -Wl,-R -Wl,/usr/local/rvm/rubies/ruby-1.9.2-p0/lib -L/usr/local/rvm/rubies/ruby-1.9.2-p0/lib -lruby-static -lpq  -lpthread -lrt -ldl -lcrypt -lm   -lc"
conftest.c:5: warning: no previous prototype for ‘t’
conftest.c: In function ‘t’:
conftest.c:5: warning: implicit declaration of function ‘PQisthreadsafe’
checked program was:
/* begin */
1: #include "ruby.h"
2: 
3: /*top*/
4: int main() {return 0;}
5: int t() { PQisthreadsafe(); return 0; }
/* end */

--------------------

have_func: checking for PQprepare()... -------------------- yes

"gcc -o conftest -I/usr/local/rvm/rubies/ruby-1.9.2-p0/include/ruby-1.9.1/x86_64-linux -I/usr/local/rvm/rubies/ruby-1.9.2-p0/include/ruby-1.9.1/ruby/backward -I/usr/local/rvm/rubies/ruby-1.9.2-p0/include/ruby-1.9.1 -I.    -I/usr/include  -O3 -ggdb -Wextra -Wno-unused-parameter -Wno-parentheses -Wpointer-arith -Wwrite-strings -Wno-missing-field-initializers -Wno-long-long  -fPIC -O2 -g -pipe -Wall -Wp,-D_FORTIFY_SOURCE=2 -fexceptions -fstack-protector --param=ssp-buffer-size=4 -m64 -mtune=generic -Wall -Wmissing-prototypes -Wpointer-arith -Wdeclaration-after-statement -Wendif-labels -fno-strict-aliasing -fwrapv conftest.c  -L. -L/usr/local/rvm/rubies/ruby-1.9.2-p0/lib -Wl,-R/usr/local/rvm/rubies/ruby-1.9.2-p0/lib -L.  -rdynamic -Wl,-export-dynamic -L/usr/lib64    -lpq  -Wl,-R -Wl,/usr/local/rvm/rubies/ruby-1.9.2-p0/lib -L/usr/local/rvm/rubies/ruby-1.9.2-p0/lib -lruby-static -lpq  -lpthread -lrt -ldl -lcrypt -lm   -lc"
conftest.c:5: warning: no previous prototype for ‘t’
conftest.c: In function ‘t’:
conftest.c:5: error: ‘PQprepare’ undeclared (first use in this function)
conftest.c:5: error: (Each undeclared identifier is reported only once
conftest.c:5: error: for each function it appears in.)
checked program was:
/* begin */
1: #include "ruby.h"
2: 
3: /*top*/
4: int main() {return 0;}
5: int t() { void ((*volatile p)()); p = (void ((*)()))PQprepare; return 0; }
/* end */

"gcc -o conftest -I/usr/local/rvm/rubies/ruby-1.9.2-p0/include/ruby-1.9.1/x86_64-linux -I/usr/local/rvm/rubies/ruby-1.9.2-p0/include/ruby-1.9.1/ruby/backward -I/usr/local/rvm/rubies/ruby-1.9.2-p0/include/ruby-1.9.1 -I.    -I/usr/include  -O3 -ggdb -Wextra -Wno-unused-parameter -Wno-parentheses -Wpointer-arith -Wwrite-strings -Wno-missing-field-initializers -Wno-long-long  -fPIC -O2 -g -pipe -Wall -Wp,-D_FORTIFY_SOURCE=2 -fexceptions -fstack-protector --param=ssp-buffer-size=4 -m64 -mtune=generic -Wall -Wmissing-prototypes -Wpointer-arith -Wdeclaration-after-statement -Wendif-labels -fno-strict-aliasing -fwrapv conftest.c  -L. -L/usr/local/rvm/rubies/ruby-1.9.2-p0/lib -Wl,-R/usr/local/rvm/rubies/ruby-1.9.2-p0/lib -L.  -rdynamic -Wl,-export-dynamic -L/usr/lib64    -lpq  -Wl,-R -Wl,/usr/local/rvm/rubies/ruby-1.9.2-p0/lib -L/usr/local/rvm/rubies/ruby-1.9.2-p0/lib -lruby-static -lpq  -lpthread -lrt -ldl -lcrypt -lm   -lc"
conftest.c:5: warning: no previous prototype for ‘t’
conftest.c: In function ‘t’:
conftest.c:5: warning: implicit declaration of function ‘PQprepare’
checked program was:
/* begin */
1: #include "ruby.h"
2: 
3: /*top*/
4: int main() {return 0;}
5: int t() { PQprepare(); return 0; }
/* end */

--------------------

have_func: checking for PQexecParams()... -------------------- yes

"gcc -o conftest -I/usr/local/rvm/rubies/ruby-1.9.2-p0/include/ruby-1.9.1/x86_64-linux -I/usr/local/rvm/rubies/ruby-1.9.2-p0/include/ruby-1.9.1/ruby/backward -I/usr/local/rvm/rubies/ruby-1.9.2-p0/include/ruby-1.9.1 -I.    -I/usr/include  -O3 -ggdb -Wextra -Wno-unused-parameter -Wno-parentheses -Wpointer-arith -Wwrite-strings -Wno-missing-field-initializers -Wno-long-long  -fPIC -O2 -g -pipe -Wall -Wp,-D_FORTIFY_SOURCE=2 -fexceptions -fstack-protector --param=ssp-buffer-size=4 -m64 -mtune=generic -Wall -Wmissing-prototypes -Wpointer-arith -Wdeclaration-after-statement -Wendif-labels -fno-strict-aliasing -fwrapv conftest.c  -L. -L/usr/local/rvm/rubies/ruby-1.9.2-p0/lib -Wl,-R/usr/local/rvm/rubies/ruby-1.9.2-p0/lib -L.  -rdynamic -Wl,-export-dynamic -L/usr/lib64    -lpq  -Wl,-R -Wl,/usr/local/rvm/rubies/ruby-1.9.2-p0/lib -L/usr/local/rvm/rubies/ruby-1.9.2-p0/lib -lruby-static -lpq  -lpthread -lrt -ldl -lcrypt -lm   -lc"
conftest.c:5: warning: no previous prototype for ‘t’
conftest.c: In function ‘t’:
conftest.c:5: error: ‘PQexecParams’ undeclared (first use in this function)
conftest.c:5: error: (Each undeclared identifier is reported only once
conftest.c:5: error: for each function it appears in.)
checked program was:
/* begin */
1: #include "ruby.h"
2: 
3: /*top*/
4: int main() {return 0;}
5: int t() { void ((*volatile p)()); p = (void ((*)()))PQexecParams; return 0; }
/* end */

"gcc -o conftest -I/usr/local/rvm/rubies/ruby-1.9.2-p0/include/ruby-1.9.1/x86_64-linux -I/usr/local/rvm/rubies/ruby-1.9.2-p0/include/ruby-1.9.1/ruby/backward -I/usr/local/rvm/rubies/ruby-1.9.2-p0/include/ruby-1.9.1 -I.    -I/usr/include  -O3 -ggdb -Wextra -Wno-unused-parameter -Wno-parentheses -Wpointer-arith -Wwrite-strings -Wno-missing-field-initializers -Wno-long-long  -fPIC -O2 -g -pipe -Wall -Wp,-D_FORTIFY_SOURCE=2 -fexceptions -fstack-protector --param=ssp-buffer-size=4 -m64 -mtune=generic -Wall -Wmissing-prototypes -Wpointer-arith -Wdeclaration-after-statement -Wendif-labels -fno-strict-aliasing -fwrapv conftest.c  -L. -L/usr/local/rvm/rubies/ruby-1.9.2-p0/lib -Wl,-R/usr/local/rvm/rubies/ruby-1.9.2-p0/lib -L.  -rdynamic -Wl,-export-dynamic -L/usr/lib64    -lpq  -Wl,-R -Wl,/usr/local/rvm/rubies/ruby-1.9.2-p0/lib -L/usr/local/rvm/rubies/ruby-1.9.2-p0/lib -lruby-static -lpq  -lpthread -lrt -ldl -lcrypt -lm   -lc"
conftest.c:5: warning: no previous prototype for ‘t’
conftest.c: In function ‘t’:
conftest.c:5: warning: implicit declaration of function ‘PQexecParams’
checked program was:
/* begin */
1: #include "ruby.h"
2: 
3: /*top*/
4: int main() {return 0;}
5: int t() { PQexecParams(); return 0; }
/* end */

--------------------

have_func: checking for PQescapeString()... -------------------- yes

"gcc -o conftest -I/usr/local/rvm/rubies/ruby-1.9.2-p0/include/ruby-1.9.1/x86_64-linux -I/usr/local/rvm/rubies/ruby-1.9.2-p0/include/ruby-1.9.1/ruby/backward -I/usr/local/rvm/rubies/ruby-1.9.2-p0/include/ruby-1.9.1 -I.    -I/usr/include  -O3 -ggdb -Wextra -Wno-unused-parameter -Wno-parentheses -Wpointer-arith -Wwrite-strings -Wno-missing-field-initializers -Wno-long-long  -fPIC -O2 -g -pipe -Wall -Wp,-D_FORTIFY_SOURCE=2 -fexceptions -fstack-protector --param=ssp-buffer-size=4 -m64 -mtune=generic -Wall -Wmissing-prototypes -Wpointer-arith -Wdeclaration-after-statement -Wendif-labels -fno-strict-aliasing -fwrapv conftest.c  -L. -L/usr/local/rvm/rubies/ruby-1.9.2-p0/lib -Wl,-R/usr/local/rvm/rubies/ruby-1.9.2-p0/lib -L.  -rdynamic -Wl,-export-dynamic -L/usr/lib64    -lpq  -Wl,-R -Wl,/usr/local/rvm/rubies/ruby-1.9.2-p0/lib -L/usr/local/rvm/rubies/ruby-1.9.2-p0/lib -lruby-static -lpq  -lpthread -lrt -ldl -lcrypt -lm   -lc"
conftest.c:5: warning: no previous prototype for ‘t’
conftest.c: In function ‘t’:
conftest.c:5: error: ‘PQescapeString’ undeclared (first use in this function)
conftest.c:5: error: (Each undeclared identifier is reported only once
conftest.c:5: error: for each function it appears in.)
checked program was:
/* begin */
1: #include "ruby.h"
2: 
3: /*top*/
4: int main() {return 0;}
5: int t() { void ((*volatile p)()); p = (void ((*)()))PQescapeString; return 0; }
/* end */

"gcc -o conftest -I/usr/local/rvm/rubies/ruby-1.9.2-p0/include/ruby-1.9.1/x86_64-linux -I/usr/local/rvm/rubies/ruby-1.9.2-p0/include/ruby-1.9.1/ruby/backward -I/usr/local/rvm/rubies/ruby-1.9.2-p0/include/ruby-1.9.1 -I.    -I/usr/include  -O3 -ggdb -Wextra -Wno-unused-parameter -Wno-parentheses -Wpointer-arith -Wwrite-strings -Wno-missing-field-initializers -Wno-long-long  -fPIC -O2 -g -pipe -Wall -Wp,-D_FORTIFY_SOURCE=2 -fexceptions -fstack-protector --param=ssp-buffer-size=4 -m64 -mtune=generic -Wall -Wmissing-prototypes -Wpointer-arith -Wdeclaration-after-statement -Wendif-labels -fno-strict-aliasing -fwrapv conftest.c  -L. -L/usr/local/rvm/rubies/ruby-1.9.2-p0/lib -Wl,-R/usr/local/rvm/rubies/ruby-1.9.2-p0/lib -L.  -rdynamic -Wl,-export-dynamic -L/usr/lib64    -lpq  -Wl,-R -Wl,/usr/local/rvm/rubies/ruby-1.9.2-p0/lib -L/usr/local/rvm/rubies/ruby-1.9.2-p0/lib -lruby-static -lpq  -lpthread -lrt -ldl -lcrypt -lm   -lc"
conftest.c:5: warning: no previous prototype for ‘t’
conftest.c: In function ‘t’:
conftest.c:5: warning: implicit declaration of function ‘PQescapeString’
checked program was:
/* begin */
1: #include "ruby.h"
2: 
3: /*top*/
4: int main() {return 0;}
5: int t() { PQescapeString(); return 0; }
/* end */

--------------------

have_func: checking for PQescapeStringConn()... -------------------- yes

"gcc -o conftest -I/usr/local/rvm/rubies/ruby-1.9.2-p0/include/ruby-1.9.1/x86_64-linux -I/usr/local/rvm/rubies/ruby-1.9.2-p0/include/ruby-1.9.1/ruby/backward -I/usr/local/rvm/rubies/ruby-1.9.2-p0/include/ruby-1.9.1 -I.    -I/usr/include  -O3 -ggdb -Wextra -Wno-unused-parameter -Wno-parentheses -Wpointer-arith -Wwrite-strings -Wno-missing-field-initializers -Wno-long-long  -fPIC -O2 -g -pipe -Wall -Wp,-D_FORTIFY_SOURCE=2 -fexceptions -fstack-protector --param=ssp-buffer-size=4 -m64 -mtune=generic -Wall -Wmissing-prototypes -Wpointer-arith -Wdeclaration-after-statement -Wendif-labels -fno-strict-aliasing -fwrapv conftest.c  -L. -L/usr/local/rvm/rubies/ruby-1.9.2-p0/lib -Wl,-R/usr/local/rvm/rubies/ruby-1.9.2-p0/lib -L.  -rdynamic -Wl,-export-dynamic -L/usr/lib64    -lpq  -Wl,-R -Wl,/usr/local/rvm/rubies/ruby-1.9.2-p0/lib -L/usr/local/rvm/rubies/ruby-1.9.2-p0/lib -lruby-static -lpq  -lpthread -lrt -ldl -lcrypt -lm   -lc"
conftest.c:5: warning: no previous prototype for ‘t’
conftest.c: In function ‘t’:
conftest.c:5: error: ‘PQescapeStringConn’ undeclared (first use in this function)
conftest.c:5: error: (Each undeclared identifier is reported only once
conftest.c:5: error: for each function it appears in.)
checked program was:
/* begin */
1: #include "ruby.h"
2: 
3: /*top*/
4: int main() {return 0;}
5: int t() { void ((*volatile p)()); p = (void ((*)()))PQescapeStringConn; return 0; }
/* end */

"gcc -o conftest -I/usr/local/rvm/rubies/ruby-1.9.2-p0/include/ruby-1.9.1/x86_64-linux -I/usr/local/rvm/rubies/ruby-1.9.2-p0/include/ruby-1.9.1/ruby/backward -I/usr/local/rvm/rubies/ruby-1.9.2-p0/include/ruby-1.9.1 -I.    -I/usr/include  -O3 -ggdb -Wextra -Wno-unused-parameter -Wno-parentheses -Wpointer-arith -Wwrite-strings -Wno-missing-field-initializers -Wno-long-long  -fPIC -O2 -g -pipe -Wall -Wp,-D_FORTIFY_SOURCE=2 -fexceptions -fstack-protector --param=ssp-buffer-size=4 -m64 -mtune=generic -Wall -Wmissing-prototypes -Wpointer-arith -Wdeclaration-after-statement -Wendif-labels -fno-strict-aliasing -fwrapv conftest.c  -L. -L/usr/local/rvm/rubies/ruby-1.9.2-p0/lib -Wl,-R/usr/local/rvm/rubies/ruby-1.9.2-p0/lib -L.  -rdynamic -Wl,-export-dynamic -L/usr/lib64    -lpq  -Wl,-R -Wl,/usr/local/rvm/rubies/ruby-1.9.2-p0/lib -L/usr/local/rvm/rubies/ruby-1.9.2-p0/lib -lruby-static -lpq  -lpthread -lrt -ldl -lcrypt -lm   -lc"
conftest.c:5: warning: no previous prototype for ‘t’
conftest.c: In function ‘t’:
conftest.c:5: warning: implicit declaration of function ‘PQescapeStringConn’
checked program was:
/* begin */
1: #include "ruby.h"
2: 
3: /*top*/
4: int main() {return 0;}
5: int t() { PQescapeStringConn(); return 0; }
/* end */

--------------------

have_func: checking for lo_create()... -------------------- yes

"gcc -o conftest -I/usr/local/rvm/rubies/ruby-1.9.2-p0/include/ruby-1.9.1/x86_64-linux -I/usr/local/rvm/rubies/ruby-1.9.2-p0/include/ruby-1.9.1/ruby/backward -I/usr/local/rvm/rubies/ruby-1.9.2-p0/include/ruby-1.9.1 -I.    -I/usr/include  -O3 -ggdb -Wextra -Wno-unused-parameter -Wno-parentheses -Wpointer-arith -Wwrite-strings -Wno-missing-field-initializers -Wno-long-long  -fPIC -O2 -g -pipe -Wall -Wp,-D_FORTIFY_SOURCE=2 -fexceptions -fstack-protector --param=ssp-buffer-size=4 -m64 -mtune=generic -Wall -Wmissing-prototypes -Wpointer-arith -Wdeclaration-after-statement -Wendif-labels -fno-strict-aliasing -fwrapv conftest.c  -L. -L/usr/local/rvm/rubies/ruby-1.9.2-p0/lib -Wl,-R/usr/local/rvm/rubies/ruby-1.9.2-p0/lib -L.  -rdynamic -Wl,-export-dynamic -L/usr/lib64    -lpq  -Wl,-R -Wl,/usr/local/rvm/rubies/ruby-1.9.2-p0/lib -L/usr/local/rvm/rubies/ruby-1.9.2-p0/lib -lruby-static -lpq  -lpthread -lrt -ldl -lcrypt -lm   -lc"
conftest.c:5: warning: no previous prototype for ‘t’
conftest.c: In function ‘t’:
conftest.c:5: error: ‘lo_create’ undeclared (first use in this function)
conftest.c:5: error: (Each undeclared identifier is reported only once
conftest.c:5: error: for each function it appears in.)
checked program was:
/* begin */
1: #include "ruby.h"
2: 
3: /*top*/
4: int main() {return 0;}
5: int t() { void ((*volatile p)()); p = (void ((*)()))lo_create; return 0; }
/* end */

"gcc -o conftest -I/usr/local/rvm/rubies/ruby-1.9.2-p0/include/ruby-1.9.1/x86_64-linux -I/usr/local/rvm/rubies/ruby-1.9.2-p0/include/ruby-1.9.1/ruby/backward -I/usr/local/rvm/rubies/ruby-1.9.2-p0/include/ruby-1.9.1 -I.    -I/usr/include  -O3 -ggdb -Wextra -Wno-unused-parameter -Wno-parentheses -Wpointer-arith -Wwrite-strings -Wno-missing-field-initializers -Wno-long-long  -fPIC -O2 -g -pipe -Wall -Wp,-D_FORTIFY_SOURCE=2 -fexceptions -fstack-protector --param=ssp-buffer-size=4 -m64 -mtune=generic -Wall -Wmissing-prototypes -Wpointer-arith -Wdeclaration-after-statement -Wendif-labels -fno-strict-aliasing -fwrapv conftest.c  -L. -L/usr/local/rvm/rubies/ruby-1.9.2-p0/lib -Wl,-R/usr/local/rvm/rubies/ruby-1.9.2-p0/lib -L.  -rdynamic -Wl,-export-dynamic -L/usr/lib64    -lpq  -Wl,-R -Wl,/usr/local/rvm/rubies/ruby-1.9.2-p0/lib -L/usr/local/rvm/rubies/ruby-1.9.2-p0/lib -lruby-static -lpq  -lpthread -lrt -ldl -lcrypt -lm   -lc"
conftest.c:5: warning: no previous prototype for ‘t’
conftest.c: In function ‘t’:
conftest.c:5: warning: implicit declaration of function ‘lo_create’
checked program was:
/* begin */
1: #include "ruby.h"
2: 
3: /*top*/
4: int main() {return 0;}
5: int t() { lo_create(); return 0; }
/* end */

--------------------

have_func: checking for pg_encoding_to_char()... -------------------- yes

"gcc -o conftest -I/usr/local/rvm/rubies/ruby-1.9.2-p0/include/ruby-1.9.1/x86_64-linux -I/usr/local/rvm/rubies/ruby-1.9.2-p0/include/ruby-1.9.1/ruby/backward -I/usr/local/rvm/rubies/ruby-1.9.2-p0/include/ruby-1.9.1 -I.    -I/usr/include  -O3 -ggdb -Wextra -Wno-unused-parameter -Wno-parentheses -Wpointer-arith -Wwrite-strings -Wno-missing-field-initializers -Wno-long-long  -fPIC -O2 -g -pipe -Wall -Wp,-D_FORTIFY_SOURCE=2 -fexceptions -fstack-protector --param=ssp-buffer-size=4 -m64 -mtune=generic -Wall -Wmissing-prototypes -Wpointer-arith -Wdeclaration-after-statement -Wendif-labels -fno-strict-aliasing -fwrapv conftest.c  -L. -L/usr/local/rvm/rubies/ruby-1.9.2-p0/lib -Wl,-R/usr/local/rvm/rubies/ruby-1.9.2-p0/lib -L.  -rdynamic -Wl,-export-dynamic -L/usr/lib64    -lpq  -Wl,-R -Wl,/usr/local/rvm/rubies/ruby-1.9.2-p0/lib -L/usr/local/rvm/rubies/ruby-1.9.2-p0/lib -lruby-static -lpq  -lpthread -lrt -ldl -lcrypt -lm   -lc"
conftest.c:5: warning: no previous prototype for ‘t’
conftest.c: In function ‘t’:
conftest.c:5: error: ‘pg_encoding_to_char’ undeclared (first use in this function)
conftest.c:5: error: (Each undeclared identifier is reported only once
conftest.c:5: error: for each function it appears in.)
checked program was:
/* begin */
1: #include "ruby.h"
2: 
3: /*top*/
4: int main() {return 0;}
5: int t() { void ((*volatile p)()); p = (void ((*)()))pg_encoding_to_char; return 0; }
/* end */

"gcc -o conftest -I/usr/local/rvm/rubies/ruby-1.9.2-p0/include/ruby-1.9.1/x86_64-linux -I/usr/local/rvm/rubies/ruby-1.9.2-p0/include/ruby-1.9.1/ruby/backward -I/usr/local/rvm/rubies/ruby-1.9.2-p0/include/ruby-1.9.1 -I.    -I/usr/include  -O3 -ggdb -Wextra -Wno-unused-parameter -Wno-parentheses -Wpointer-arith -Wwrite-strings -Wno-missing-field-initializers -Wno-long-long  -fPIC -O2 -g -pipe -Wall -Wp,-D_FORTIFY_SOURCE=2 -fexceptions -fstack-protector --param=ssp-buffer-size=4 -m64 -mtune=generic -Wall -Wmissing-prototypes -Wpointer-arith -Wdeclaration-after-statement -Wendif-labels -fno-strict-aliasing -fwrapv conftest.c  -L. -L/usr/local/rvm/rubies/ruby-1.9.2-p0/lib -Wl,-R/usr/local/rvm/rubies/ruby-1.9.2-p0/lib -L.  -rdynamic -Wl,-export-dynamic -L/usr/lib64    -lpq  -Wl,-R -Wl,/usr/local/rvm/rubies/ruby-1.9.2-p0/lib -L/usr/local/rvm/rubies/ruby-1.9.2-p0/lib -lruby-static -lpq  -lpthread -lrt -ldl -lcrypt -lm   -lc"
conftest.c:5: warning: no previous prototype for ‘t’
conftest.c: In function ‘t’:
conftest.c:5: warning: implicit declaration of function ‘pg_encoding_to_char’
checked program was:
/* begin */
1: #include "ruby.h"
2: 
3: /*top*/
4: int main() {return 0;}
5: int t() { pg_encoding_to_char(); return 0; }
/* end */

--------------------

have_func: checking for PQsetClientEncoding()... -------------------- yes

"gcc -o conftest -I/usr/local/rvm/rubies/ruby-1.9.2-p0/include/ruby-1.9.1/x86_64-linux -I/usr/local/rvm/rubies/ruby-1.9.2-p0/include/ruby-1.9.1/ruby/backward -I/usr/local/rvm/rubies/ruby-1.9.2-p0/include/ruby-1.9.1 -I.    -I/usr/include  -O3 -ggdb -Wextra -Wno-unused-parameter -Wno-parentheses -Wpointer-arith -Wwrite-strings -Wno-missing-field-initializers -Wno-long-long  -fPIC -O2 -g -pipe -Wall -Wp,-D_FORTIFY_SOURCE=2 -fexceptions -fstack-protector --param=ssp-buffer-size=4 -m64 -mtune=generic -Wall -Wmissing-prototypes -Wpointer-arith -Wdeclaration-after-statement -Wendif-labels -fno-strict-aliasing -fwrapv conftest.c  -L. -L/usr/local/rvm/rubies/ruby-1.9.2-p0/lib -Wl,-R/usr/local/rvm/rubies/ruby-1.9.2-p0/lib -L.  -rdynamic -Wl,-export-dynamic -L/usr/lib64    -lpq  -Wl,-R -Wl,/usr/local/rvm/rubies/ruby-1.9.2-p0/lib -L/usr/local/rvm/rubies/ruby-1.9.2-p0/lib -lruby-static -lpq  -lpthread -lrt -ldl -lcrypt -lm   -lc"
conftest.c:5: warning: no previous prototype for ‘t’
conftest.c: In function ‘t’:
conftest.c:5: error: ‘PQsetClientEncoding’ undeclared (first use in this function)
conftest.c:5: error: (Each undeclared identifier is reported only once
conftest.c:5: error: for each function it appears in.)
checked program was:
/* begin */
1: #include "ruby.h"
2: 
3: /*top*/
4: int main() {return 0;}
5: int t() { void ((*volatile p)()); p = (void ((*)()))PQsetClientEncoding; return 0; }
/* end */

"gcc -o conftest -I/usr/local/rvm/rubies/ruby-1.9.2-p0/include/ruby-1.9.1/x86_64-linux -I/usr/local/rvm/rubies/ruby-1.9.2-p0/include/ruby-1.9.1/ruby/backward -I/usr/local/rvm/rubies/ruby-1.9.2-p0/include/ruby-1.9.1 -I.    -I/usr/include  -O3 -ggdb -Wextra -Wno-unused-parameter -Wno-parentheses -Wpointer-arith -Wwrite-strings -Wno-missing-field-initializers -Wno-long-long  -fPIC -O2 -g -pipe -Wall -Wp,-D_FORTIFY_SOURCE=2 -fexceptions -fstack-protector --param=ssp-buffer-size=4 -m64 -mtune=generic -Wall -Wmissing-prototypes -Wpointer-arith -Wdeclaration-after-statement -Wendif-labels -fno-strict-aliasing -fwrapv conftest.c  -L. -L/usr/local/rvm/rubies/ruby-1.9.2-p0/lib -Wl,-R/usr/local/rvm/rubies/ruby-1.9.2-p0/lib -L.  -rdynamic -Wl,-export-dynamic -L/usr/lib64    -lpq  -Wl,-R -Wl,/usr/local/rvm/rubies/ruby-1.9.2-p0/lib -L/usr/local/rvm/rubies/ruby-1.9.2-p0/lib -lruby-static -lpq  -lpthread -lrt -ldl -lcrypt -lm   -lc"
conftest.c:5: warning: no previous prototype for ‘t’
conftest.c: In function ‘t’:
conftest.c:5: warning: implicit declaration of function ‘PQsetClientEncoding’
checked program was:
/* begin */
1: #include "ruby.h"
2: 
3: /*top*/
4: int main() {return 0;}
5: int t() { PQsetClientEncoding(); return 0; }
/* end */

--------------------

have_header: checking for unistd.h... -------------------- yes

"gcc -E -I/usr/local/rvm/rubies/ruby-1.9.2-p0/include/ruby-1.9.1/x86_64-linux -I/usr/local/rvm/rubies/ruby-1.9.2-p0/include/ruby-1.9.1/ruby/backward -I/usr/local/rvm/rubies/ruby-1.9.2-p0/include/ruby-1.9.1 -I.    -I/usr/include  -O3 -ggdb -Wextra -Wno-unused-parameter -Wno-parentheses -Wpointer-arith -Wwrite-strings -Wno-missing-field-initializers -Wno-long-long  -fPIC -O2 -g -pipe -Wall -Wp,-D_FORTIFY_SOURCE=2 -fexceptions -fstack-protector --param=ssp-buffer-size=4 -m64 -mtune=generic -Wall -Wmissing-prototypes -Wpointer-arith -Wdeclaration-after-statement -Wendif-labels -fno-strict-aliasing -fwrapv  conftest.c -o conftest.i"
checked program was:
/* begin */
1: #include "ruby.h"
2: 
3: #include <unistd.h>
/* end */

--------------------

